<?xml version="1.0" encoding="UTF-8"?>
<testsuite xmlns:xsi="http://www.w3.org/2001/XMLSchema-instance" xsi:noNamespaceSchemaLocation="https://maven.apache.org/surefire/maven-surefire-plugin/xsd/surefire-test-report-3.0.xsd" version="3.0" name="com.example.myapp.AppTest" time="0.534" tests="1" errors="0" skipped="0" failures="0">
  <properties>
    <property name="awt.toolkit" value="sun.awt.X11.XToolkit"/>
    <property name="java.specification.version" value="11"/>
    <property name="sun.cpu.isalist" value=""/>
    <property name="sun.jnu.encoding" value="UTF-8"/>
    <property name="java.class.path" value="/workspace/aws-course/s3/sdk/java/myapp/target/test-classes:/workspace/aws-course/s3/sdk/java/myapp/target/classes:/workspace/m2-repository/software/amazon/awssdk/s3/2.28.9/s3-2.28.9.jar:/workspace/m2-repository/software/amazon/awssdk/aws-xml-protocol/2.28.9/aws-xml-protocol-2.28.9.jar:/workspace/m2-repository/software/amazon/awssdk/aws-query-protocol/2.28.9/aws-query-protocol-2.28.9.jar:/workspace/m2-repository/software/amazon/awssdk/protocol-core/2.28.9/protocol-core-2.28.9.jar:/workspace/m2-repository/software/amazon/awssdk/arns/2.28.9/arns-2.28.9.jar:/workspace/m2-repository/software/amazon/awssdk/profiles/2.28.9/profiles-2.28.9.jar:/workspace/m2-repository/software/amazon/awssdk/crt-core/2.28.9/crt-core-2.28.9.jar:/workspace/m2-repository/software/amazon/awssdk/http-auth/2.28.9/http-auth-2.28.9.jar:/workspace/m2-repository/software/amazon/awssdk/identity-spi/2.28.9/identity-spi-2.28.9.jar:/workspace/m2-repository/software/amazon/awssdk/http-auth-spi/2.28.9/http-auth-spi-2.28.9.jar:/workspace/m2-repository/org/reactivestreams/reactive-streams/1.0.4/reactive-streams-1.0.4.jar:/workspace/m2-repository/software/amazon/awssdk/http-auth-aws/2.28.9/http-auth-aws-2.28.9.jar:/workspace/m2-repository/software/amazon/awssdk/checksums/2.28.9/checksums-2.28.9.jar:/workspace/m2-repository/software/amazon/awssdk/checksums-spi/2.28.9/checksums-spi-2.28.9.jar:/workspace/m2-repository/software/amazon/awssdk/retries-spi/2.28.9/retries-spi-2.28.9.jar:/workspace/m2-repository/software/amazon/awssdk/sdk-core/2.28.9/sdk-core-2.28.9.jar:/workspace/m2-repository/software/amazon/awssdk/retries/2.28.9/retries-2.28.9.jar:/workspace/m2-repository/org/slf4j/slf4j-api/1.7.36/slf4j-api-1.7.36.jar:/workspace/m2-repository/software/amazon/awssdk/auth/2.28.9/auth-2.28.9.jar:/workspace/m2-repository/software/amazon/awssdk/http-auth-aws-eventstream/2.28.9/http-auth-aws-eventstream-2.28.9.jar:/workspace/m2-repository/software/amazon/eventstream/eventstream/1.0.1/eventstream-1.0.1.jar:/workspace/m2-repository/software/amazon/awssdk/http-client-spi/2.28.9/http-client-spi-2.28.9.jar:/workspace/m2-repository/software/amazon/awssdk/regions/2.28.9/regions-2.28.9.jar:/workspace/m2-repository/software/amazon/awssdk/annotations/2.28.9/annotations-2.28.9.jar:/workspace/m2-repository/software/amazon/awssdk/utils/2.28.9/utils-2.28.9.jar:/workspace/m2-repository/software/amazon/awssdk/aws-core/2.28.9/aws-core-2.28.9.jar:/workspace/m2-repository/software/amazon/awssdk/metrics-spi/2.28.9/metrics-spi-2.28.9.jar:/workspace/m2-repository/software/amazon/awssdk/json-utils/2.28.9/json-utils-2.28.9.jar:/workspace/m2-repository/software/amazon/awssdk/third-party-jackson-core/2.28.9/third-party-jackson-core-2.28.9.jar:/workspace/m2-repository/software/amazon/awssdk/endpoints-spi/2.28.9/endpoints-spi-2.28.9.jar:/workspace/m2-repository/software/amazon/awssdk/aws-crt-client/2.28.9/aws-crt-client-2.28.9.jar:/workspace/m2-repository/software/amazon/awssdk/crt/aws-crt/0.31.1/aws-crt-0.31.1.jar:/workspace/m2-repository/com/amazonaws/aws-lambda-java-core/1.2.3/aws-lambda-java-core-1.2.3.jar:/workspace/m2-repository/org/junit/jupiter/junit-jupiter/5.10.1/junit-jupiter-5.10.1.jar:/workspace/m2-repository/org/junit/jupiter/junit-jupiter-api/5.10.1/junit-jupiter-api-5.10.1.jar:/workspace/m2-repository/org/opentest4j/opentest4j/1.3.0/opentest4j-1.3.0.jar:/workspace/m2-repository/org/junit/platform/junit-platform-commons/1.10.1/junit-platform-commons-1.10.1.jar:/workspace/m2-repository/org/apiguardian/apiguardian-api/1.1.2/apiguardian-api-1.1.2.jar:/workspace/m2-repository/org/junit/jupiter/junit-jupiter-params/5.10.1/junit-jupiter-params-5.10.1.jar:/workspace/m2-repository/org/junit/jupiter/junit-jupiter-engine/5.10.1/junit-jupiter-engine-5.10.1.jar:/workspace/m2-repository/org/junit/platform/junit-platform-engine/1.10.1/junit-platform-engine-1.10.1.jar:"/>
    <property name="java.vm.vendor" value="Azul Systems, Inc."/>
    <property name="sun.arch.data.model" value="64"/>
    <property name="java.vendor.url" value="http://www.azul.com/"/>
    <property name="user.timezone" value=""/>
    <property name="java.vm.specification.version" value="11"/>
    <property name="os.name" value="Linux"/>
    <property name="sun.java.launcher" value="SUN_STANDARD"/>
    <property name="user.country" value="US"/>
    <property name="sun.boot.library.path" value="/home/gitpod/.sdkman/candidates/java/11.0.24.fx-zulu/lib"/>
    <property name="sun.java.command" value="/workspace/aws-course/s3/sdk/java/myapp/target/surefire/surefirebooter-20240926150720614_3.jar /workspace/aws-course/s3/sdk/java/myapp/target/surefire 2024-09-26T15-07-20_380-jvmRun1 surefire-20240926150720614_1tmp surefire_0-20240926150720614_2tmp"/>
    <property name="jdk.debug" value="release"/>
    <property name="surefire.test.class.path" value="/workspace/aws-course/s3/sdk/java/myapp/target/test-classes:/workspace/aws-course/s3/sdk/java/myapp/target/classes:/workspace/m2-repository/software/amazon/awssdk/s3/2.28.9/s3-2.28.9.jar:/workspace/m2-repository/software/amazon/awssdk/aws-xml-protocol/2.28.9/aws-xml-protocol-2.28.9.jar:/workspace/m2-repository/software/amazon/awssdk/aws-query-protocol/2.28.9/aws-query-protocol-2.28.9.jar:/workspace/m2-repository/software/amazon/awssdk/protocol-core/2.28.9/protocol-core-2.28.9.jar:/workspace/m2-repository/software/amazon/awssdk/arns/2.28.9/arns-2.28.9.jar:/workspace/m2-repository/software/amazon/awssdk/profiles/2.28.9/profiles-2.28.9.jar:/workspace/m2-repository/software/amazon/awssdk/crt-core/2.28.9/crt-core-2.28.9.jar:/workspace/m2-repository/software/amazon/awssdk/http-auth/2.28.9/http-auth-2.28.9.jar:/workspace/m2-repository/software/amazon/awssdk/identity-spi/2.28.9/identity-spi-2.28.9.jar:/workspace/m2-repository/software/amazon/awssdk/http-auth-spi/2.28.9/http-auth-spi-2.28.9.jar:/workspace/m2-repository/org/reactivestreams/reactive-streams/1.0.4/reactive-streams-1.0.4.jar:/workspace/m2-repository/software/amazon/awssdk/http-auth-aws/2.28.9/http-auth-aws-2.28.9.jar:/workspace/m2-repository/software/amazon/awssdk/checksums/2.28.9/checksums-2.28.9.jar:/workspace/m2-repository/software/amazon/awssdk/checksums-spi/2.28.9/checksums-spi-2.28.9.jar:/workspace/m2-repository/software/amazon/awssdk/retries-spi/2.28.9/retries-spi-2.28.9.jar:/workspace/m2-repository/software/amazon/awssdk/sdk-core/2.28.9/sdk-core-2.28.9.jar:/workspace/m2-repository/software/amazon/awssdk/retries/2.28.9/retries-2.28.9.jar:/workspace/m2-repository/org/slf4j/slf4j-api/1.7.36/slf4j-api-1.7.36.jar:/workspace/m2-repository/software/amazon/awssdk/auth/2.28.9/auth-2.28.9.jar:/workspace/m2-repository/software/amazon/awssdk/http-auth-aws-eventstream/2.28.9/http-auth-aws-eventstream-2.28.9.jar:/workspace/m2-repository/software/amazon/eventstream/eventstream/1.0.1/eventstream-1.0.1.jar:/workspace/m2-repository/software/amazon/awssdk/http-client-spi/2.28.9/http-client-spi-2.28.9.jar:/workspace/m2-repository/software/amazon/awssdk/regions/2.28.9/regions-2.28.9.jar:/workspace/m2-repository/software/amazon/awssdk/annotations/2.28.9/annotations-2.28.9.jar:/workspace/m2-repository/software/amazon/awssdk/utils/2.28.9/utils-2.28.9.jar:/workspace/m2-repository/software/amazon/awssdk/aws-core/2.28.9/aws-core-2.28.9.jar:/workspace/m2-repository/software/amazon/awssdk/metrics-spi/2.28.9/metrics-spi-2.28.9.jar:/workspace/m2-repository/software/amazon/awssdk/json-utils/2.28.9/json-utils-2.28.9.jar:/workspace/m2-repository/software/amazon/awssdk/third-party-jackson-core/2.28.9/third-party-jackson-core-2.28.9.jar:/workspace/m2-repository/software/amazon/awssdk/endpoints-spi/2.28.9/endpoints-spi-2.28.9.jar:/workspace/m2-repository/software/amazon/awssdk/aws-crt-client/2.28.9/aws-crt-client-2.28.9.jar:/workspace/m2-repository/software/amazon/awssdk/crt/aws-crt/0.31.1/aws-crt-0.31.1.jar:/workspace/m2-repository/com/amazonaws/aws-lambda-java-core/1.2.3/aws-lambda-java-core-1.2.3.jar:/workspace/m2-repository/org/junit/jupiter/junit-jupiter/5.10.1/junit-jupiter-5.10.1.jar:/workspace/m2-repository/org/junit/jupiter/junit-jupiter-api/5.10.1/junit-jupiter-api-5.10.1.jar:/workspace/m2-repository/org/opentest4j/opentest4j/1.3.0/opentest4j-1.3.0.jar:/workspace/m2-repository/org/junit/platform/junit-platform-commons/1.10.1/junit-platform-commons-1.10.1.jar:/workspace/m2-repository/org/apiguardian/apiguardian-api/1.1.2/apiguardian-api-1.1.2.jar:/workspace/m2-repository/org/junit/jupiter/junit-jupiter-params/5.10.1/junit-jupiter-params-5.10.1.jar:/workspace/m2-repository/org/junit/jupiter/junit-jupiter-engine/5.10.1/junit-jupiter-engine-5.10.1.jar:/workspace/m2-repository/org/junit/platform/junit-platform-engine/1.10.1/junit-platform-engine-1.10.1.jar:"/>
    <property name="sun.cpu.endian" value="little"/>
    <property name="user.home" value="/home/gitpod"/>
    <property name="user.language" value="en"/>
    <property name="java.specification.vendor" value="Oracle Corporation"/>
    <property name="java.version.date" value="2024-07-16"/>
    <property name="java.home" value="/home/gitpod/.sdkman/candidates/java/11.0.24.fx-zulu"/>
    <property name="file.separator" value="/"/>
    <property name="basedir" value="/workspace/aws-course/s3/sdk/java/myapp"/>
    <property name="java.vm.compressedOopsMode" value="Zero based"/>
    <property name="line.separator" value="&#10;"/>
    <property name="java.specification.name" value="Java Platform API Specification"/>
    <property name="java.vm.specification.vendor" value="Oracle Corporation"/>
    <property name="jdk.vendor.version" value="Zulu11.74+15-CA"/>
    <property name="java.awt.graphicsenv" value="sun.awt.X11GraphicsEnvironment"/>
    <property name="surefire.real.class.path" value="/workspace/aws-course/s3/sdk/java/myapp/target/surefire/surefirebooter-20240926150720614_3.jar"/>
    <property name="sun.management.compiler" value="HotSpot 64-Bit Tiered Compilers"/>
    <property name="java.runtime.version" value="11.0.24+8-LTS"/>
    <property name="user.name" value="gitpod"/>
    <property name="path.separator" value=":"/>
    <property name="os.version" value="6.1.91-060191-generic"/>
    <property name="java.runtime.name" value="OpenJDK Runtime Environment"/>
    <property name="file.encoding" value="UTF-8"/>
    <property name="java.vm.name" value="OpenJDK 64-Bit Server VM"/>
    <property name="java.vendor.version" value="Zulu11.74+15-CA"/>
    <property name="localRepository" value="/workspace/m2-repository"/>
    <property name="java.vendor.url.bug" value="http://www.azul.com/support/"/>
    <property name="java.io.tmpdir" value="/tmp"/>
    <property name="java.version" value="11.0.24"/>
    <property name="user.dir" value="/workspace/aws-course/s3/sdk/java/myapp"/>
    <property name="os.arch" value="amd64"/>
    <property name="java.vm.specification.name" value="Java Virtual Machine Specification"/>
    <property name="java.awt.printerjob" value="sun.print.PSPrinterJob"/>
    <property name="sun.os.patch.level" value="unknown"/>
    <property name="java.library.path" value="/usr/java/packages/lib:/usr/lib64:/lib64:/lib:/usr/lib"/>
    <property name="java.vm.info" value="mixed mode"/>
    <property name="java.vendor" value="Azul Systems, Inc."/>
    <property name="java.vm.version" value="11.0.24+8-LTS"/>
    <property name="java.specification.maintenance.version" value="2"/>
    <property name="sun.io.unicode.encoding" value="UnicodeLittle"/>
    <property name="java.class.version" value="55.0"/>
  </properties>
  <testcase name="handleRequest_shouldReturnConstantValue" classname="com.example.myapp.AppTest" time="0.515">
    <system-err><![CDATA[SLF4J: Failed to load class "org.slf4j.impl.StaticLoggerBinder".
SLF4J: Defaulting to no-operation (NOP) logger implementation
SLF4J: See http://www.slf4j.org/codes.html#StaticLoggerBinder for further details.
]]></system-err>
  </testcase>
</testsuite>